#
# A fatal error has been detected by the Java Runtime Environment:
#
#  EXCEPTION_ACCESS_VIOLATION (0xc0000005) at pc=0x00007ff9c6941ae4, pid=6232, tid=17228
#
# JRE version: OpenJDK Runtime Environment Temurin-17.0.2+8 (17.0.2+8) (build 17.0.2+8)
# Java VM: OpenJDK 64-Bit Server VM Temurin-17.0.2+8 (17.0.2+8, mixed mode, tiered, compressed oops, compressed class ptrs, g1 gc, windows-amd64)
# Problematic frame:
# C  [amdocl64.dll+0x111ae4]
#
# No core dump will be written. Minidumps are not enabled by default on client versions of Windows
#
# If you would like to submit a bug report, please visit:
#   https://github.com/adoptium/adoptium-support/issues
#

---------------  S U M M A R Y ------------

Command Line: -Djava.library.path=C:\opencv\build\java\x64;C:\Users\carln\OneDrive\Documents\School Documents\Cal State\Fall 2024\Software Engineering CS 370\Project Code\CameraSystem\dev_carl\Code\opencv\build\java\x64 -Dfile.encoding=windows-1252 -Dstdout.encoding=windows-1252 -Dstderr.encoding=windows-1252 -XX:+ShowCodeDetailsInExceptionMessages cougarCam.Main

Host: AMD Ryzen 5 5600X 6-Core Processor             , 12 cores, 31G,  Windows 11 , 64 bit Build 22621 (10.0.22621.4391)
Time: Mon Nov 18 11:29:10 2024 Pacific Standard Time elapsed time: 99.351691 seconds (0d 0h 1m 39s)

---------------  T H R E A D  ---------------

Current thread (0x0000025f9786a640):  VMThread "VM Thread" [stack: 0x000000dd44900000,0x000000dd44a00000] [id=17228]

Stack: [0x000000dd44900000,0x000000dd44a00000],  sp=0x000000dd449ff040,  free space=1020k
Native frames: (J=compiled Java code, j=interpreted, Vv=VM code, C=native code)
C  [amdocl64.dll+0x111ae4]


siginfo: EXCEPTION_ACCESS_VIOLATION (0xc0000005), writing address 0x000002601dd0e3d0


Register to memory mapping:

RIP=0x00007ff9c6941ae4 amdocl64.dll
RAX=0x0 is NULL
RBX=0x000002601dd0e300 is an unknown value
RCX=0x0000000000000003 is an unknown value
RDX=0x000002601ea89ff0 points into unknown readable memory: 0x00007ff9c6e7e030 | 30 e0 e7 c6 f9 7f 00 00
RSP=0x000000dd449ff040 points into unknown readable memory: 0x0000000000000000 | 00 00 00 00 00 00 00 00
RBP=0x0 is NULL
RSI=0x000002601ea89ff0 points into unknown readable memory: 0x00007ff9c6e7e030 | 30 e0 e7 c6 f9 7f 00 00
RDI=0x000002601dd0e3c8 is an unknown value
R8 =0x0 is NULL
R9 =0x00007ff9c7b10100 amdocl64.dll
R10=0x0 is NULL
R11=0x0000000000000246 is an unknown value
R12=0x00007ff97ee23960 opencv_java4100.dll
R13=0x00007ff990634190 jvm.dll
R14=0x00007ff9c7b10100 amdocl64.dll
R15=0x0 is NULL


Registers:
RAX=0x0000000000000000, RBX=0x000002601dd0e300, RCX=0x0000000000000003, RDX=0x000002601ea89ff0
RSP=0x000000dd449ff040, RBP=0x0000000000000000, RSI=0x000002601ea89ff0, RDI=0x000002601dd0e3c8
R8 =0x0000000000000000, R9 =0x00007ff9c7b10100, R10=0x0000000000000000, R11=0x0000000000000246
R12=0x00007ff97ee23960, R13=0x00007ff990634190, R14=0x00007ff9c7b10100, R15=0x0000000000000000
RIP=0x00007ff9c6941ae4, EFLAGS=0x0000000000010246

Top of Stack: (sp=0x000000dd449ff040)
0x000000dd449ff040:   0000000000000000 0000000000000000
0x000000dd449ff050:   00007ff990634190 00007ff97ee23960
0x000000dd449ff060:   0000000000000000 0000000000000000
0x000000dd449ff070:   00007ff9c6e7e0a0 00007ff9c691bfa3
0x000000dd449ff080:   000002601dd0e3c8 000002601dd0e3c8
0x000000dd449ff090:   000002601ea89ff0 0000025faf8f8820
0x000000dd449ff0a0:   0000026000000000 0000000000000000
0x000000dd449ff0b0:   000002601da0ce50 6572685474736f00
0x000000dd449ff0c0:   0000025f97a9beb0 0000000000000008
0x000000dd449ff0d0:   000002601da0ce50 0000025faf8f8820
0x000000dd449ff0e0:   0000000000000018 00007ff9c68e7003
0x000000dd449ff0f0:   000002601ea8a000 000002601ea8a000
0x000000dd449ff100:   000002601dd0e3c8 00007ffa67f46502
0x000000dd449ff110:   00009192bc13e4a3 00007ff97e095159
0x000000dd449ff120:   000002601df6ae10 000002601badcce0
0x000000dd449ff130:   0000025f97a9c600 000000dd449ff280 

Instructions: (pc=0x00007ff9c6941ae4)
0x00007ff9c69419e4:   28 e8 32 19 46 00 48 89 00 48 89 40 08 48 89 40
0x00007ff9c69419f4:   10 66 c7 40 18 01 01 48 89 03 48 8b c3 48 83 c4
0x00007ff9c6941a04:   20 5b c3 cc cc cc cc cc cc cc cc cc 33 c0 48 89
0x00007ff9c6941a14:   01 48 89 41 08 48 89 41 10 48 8b c1 c3 cc cc cc
0x00007ff9c6941a24:   cc cc cc cc cc cc cc cc cc cc cc cc 48 89 11 48
0x00007ff9c6941a34:   8b c1 c7 41 08 00 04 00 00 c3 cc cc 4c 89 41 08
0x00007ff9c6941a44:   48 8b c1 4c 89 49 10 89 51 18 c3 cc 48 89 5c 24
0x00007ff9c6941a54:   10 48 89 6c 24 18 48 89 74 24 20 48 89 4c 24 08
0x00007ff9c6941a64:   57 41 56 41 57 48 83 ec 20 4d 8b f1 41 8b e8 48
0x00007ff9c6941a74:   8b f2 48 8b f9 41 8d 80 10 ee ff ff 45 33 ff 83
0x00007ff9c6941a84:   f8 18 77 30 48 8d 0d 71 e5 ee ff 0f b6 84 01 20
0x00007ff9c6941a94:   1c 11 00 44 8b 8c 81 10 1c 11 00 4c 03 c9 41 ff
0x00007ff9c6941aa4:   e1 41 8b cf eb 13 b9 01 00 00 00 eb 0c b9 02 00
0x00007ff9c6941ab4:   00 00 eb 05 b9 03 00 00 00 e8 3e 33 03 00 84 c0
0x00007ff9c6941ac4:   75 1c 0f b6 46 20 d0 e8 a8 01 75 12 0f b6 05 91
0x00007ff9c6941ad4:   d8 1c 01 c0 e8 02 a8 01 75 04 32 db eb 02 b3 01
0x00007ff9c6941ae4:   c7 47 08 01 00 00 00 48 8d 05 1e 35 15 01 48 89
0x00007ff9c6941af4:   47 10 48 8d 05 db 10 54 00 48 89 07 48 8d 4f 18
0x00007ff9c6941b04:   45 33 c0 33 d2 e8 f2 4f fd ff 48 8d 8f 80 00 00
0x00007ff9c6941b14:   00 45 33 c0 33 d2 e8 e1 4f fd ff 4c 89 bf e8 00
0x00007ff9c6941b24:   00 00 48 c7 87 f0 00 00 00 ff ff ff 7f 4c 89 bf
0x00007ff9c6941b34:   f8 00 00 00 4c 89 bf 00 01 00 00 48 8b 86 00 01
0x00007ff9c6941b44:   00 00 48 89 87 08 01 00 00 c7 87 10 01 00 00 ff
0x00007ff9c6941b54:   ff ff ff 48 8d 8f 18 01 00 00 0f b6 d3 e8 da 07
0x00007ff9c6941b64:   00 00 41 8b c7 87 87 f4 00 00 00 48 8d 05 92 a5
0x00007ff9c6941b74:   53 00 48 89 07 48 89 b7 48 01 00 00 4c 89 bf 50
0x00007ff9c6941b84:   01 00 00 4c 89 bf 58 01 00 00 89 af 60 01 00 00
0x00007ff9c6941b94:   4c 89 bf 68 01 00 00 4c 89 bf 70 01 00 00 4c 89
0x00007ff9c6941ba4:   bf 78 01 00 00 48 8b 44 24 68 48 89 87 80 01 00
0x00007ff9c6941bb4:   00 c6 87 88 01 00 00 00 48 8d 8f 90 01 00 00 49
0x00007ff9c6941bc4:   8b d6 e8 e5 22 fa ff 90 8b 44 24 60 89 87 a8 01
0x00007ff9c6941bd4:   00 00 49 8b 76 08 49 8b 1e 48 3b de 74 11 48 8b 


Stack slot to memory mapping:
stack at sp + 0 slots: 0x0 is NULL
stack at sp + 1 slots: 0x0 is NULL
stack at sp + 2 slots: 0x00007ff990634190 jvm.dll
stack at sp + 3 slots: 0x00007ff97ee23960 opencv_java4100.dll
stack at sp + 4 slots: 0x0 is NULL
stack at sp + 5 slots: 0x0 is NULL
stack at sp + 6 slots: 0x00007ff9c6e7e0a0 amdocl64.dll
stack at sp + 7 slots: 0x00007ff9c691bfa3 amdocl64.dll

VM_Operation (0x000000dd495fe630): Exit, mode: safepoint, requested by thread 0x00000260197d0d00


---------------  P R O C E S S  ---------------

Threads class SMR info:
_java_thread_list=0x000002601bd90950, length=16, elements={
0x0000025f9782e9c0, 0x0000025f9782f830, 0x0000025f9784e120, 0x0000025f9784ecd0,
0x0000025f9784f880, 0x0000025f97850630, 0x0000025f9788b5c0, 0x0000025f978c0030,
0x0000025f978c4950, 0x0000025f97a28010, 0x0000025f97a2bba0, 0x0000025faf620a60,
0x0000025faf7b3570, 0x00000260197d0d00, 0x0000025fec5a3da0, 0x0000025f97bf7f40
}

Java Threads: ( => current thread )
  0x0000025f9782e9c0 JavaThread "Reference Handler" daemon [_thread_blocked, id=28772, stack(0x000000dd44a00000,0x000000dd44b00000)]
  0x0000025f9782f830 JavaThread "Finalizer" daemon [_thread_blocked, id=5300, stack(0x000000dd44b00000,0x000000dd44c00000)]
  0x0000025f9784e120 JavaThread "Signal Dispatcher" daemon [_thread_blocked, id=9264, stack(0x000000dd44c00000,0x000000dd44d00000)]
  0x0000025f9784ecd0 JavaThread "Attach Listener" daemon [_thread_blocked, id=4100, stack(0x000000dd44d00000,0x000000dd44e00000)]
  0x0000025f9784f880 JavaThread "Service Thread" daemon [_thread_blocked, id=21140, stack(0x000000dd44e00000,0x000000dd44f00000)]
  0x0000025f97850630 JavaThread "Monitor Deflation Thread" daemon [_thread_blocked, id=28300, stack(0x000000dd44f00000,0x000000dd45000000)]
  0x0000025f9788b5c0 JavaThread "C2 CompilerThread0" daemon [_thread_blocked, id=9452, stack(0x000000dd45000000,0x000000dd45100000)]
  0x0000025f978c0030 JavaThread "C1 CompilerThread0" daemon [_thread_blocked, id=26220, stack(0x000000dd45100000,0x000000dd45200000)]
  0x0000025f978c4950 JavaThread "Sweeper thread" daemon [_thread_blocked, id=16544, stack(0x000000dd45200000,0x000000dd45300000)]
  0x0000025f97a28010 JavaThread "Notification Thread" daemon [_thread_blocked, id=21576, stack(0x000000dd45300000,0x000000dd45400000)]
  0x0000025f97a2bba0 JavaThread "Common-Cleaner" daemon [_thread_blocked, id=18556, stack(0x000000dd45500000,0x000000dd45600000)]
  0x0000025faf620a60 JavaThread "Java2D Disposer" daemon [_thread_blocked, id=24544, stack(0x000000dd44100000,0x000000dd44200000)]
  0x0000025faf7b3570 JavaThread "AWT-Shutdown" [_thread_blocked, id=26460, stack(0x000000dd44200000,0x000000dd44300000)]
  0x00000260197d0d00 JavaThread "AWT-EventQueue-0" [_thread_blocked, id=22108, stack(0x000000dd49500000,0x000000dd49600000)]
  0x0000025fec5a3da0 JavaThread "DestroyJavaVM" [_thread_blocked, id=12860, stack(0x000000dd44300000,0x000000dd44400000)]
  0x0000025f97bf7f40 JavaThread "DoorManager" [_thread_blocked, id=26548, stack(0x000000dd44000000,0x000000dd44100000)]

Other Threads:
=>0x0000025f9786a640 VMThread "VM Thread" [stack: 0x000000dd44900000,0x000000dd44a00000] [id=17228]
  0x0000025fec619590 GCTaskThread "GC Thread#0" [stack: 0x000000dd44400000,0x000000dd44500000] [id=18384]
  0x0000025faf8227b0 GCTaskThread "GC Thread#1" [stack: 0x000000dd4af00000,0x000000dd4b000000] [id=5392]
  0x0000025faf81ec90 GCTaskThread "GC Thread#2" [stack: 0x000000dd4b000000,0x000000dd4b100000] [id=13712]
  0x000002601e9a0b90 GCTaskThread "GC Thread#3" [stack: 0x000000dd4b100000,0x000000dd4b200000] [id=15484]
  0x000002601e99fe20 GCTaskThread "GC Thread#4" [stack: 0x000000dd4b200000,0x000000dd4b300000] [id=27428]
  0x000002601e9a0630 GCTaskThread "GC Thread#5" [stack: 0x000000dd4b300000,0x000000dd4b400000] [id=13600]
  0x000002601e9a00d0 GCTaskThread "GC Thread#6" [stack: 0x000000dd4b400000,0x000000dd4b500000] [id=23276]
  0x000002601e9a08e0 GCTaskThread "GC Thread#7" [stack: 0x000000dd4b500000,0x000000dd4b600000] [id=22324]
  0x000002601e9a0e40 GCTaskThread "GC Thread#8" [stack: 0x000000dd4b600000,0x000000dd4b700000] [id=18180]
  0x000002601e99f610 GCTaskThread "GC Thread#9" [stack: 0x000000dd4b700000,0x000000dd4b800000] [id=24644]
  0x0000025fec62c000 ConcurrentGCThread "G1 Main Marker" terminated
  0x0000025fec62ca10 ConcurrentGCThread "G1 Conc#0" [stack: 0x000000dd44600000,0x000000dd44700000] [id=7800]
  0x0000025fec66ea30 ConcurrentGCThread "G1 Refine#0" terminated
  0x0000025fffc6d690 ConcurrentGCThread "G1 Service" terminated

Threads with active compile tasks:

VM state: at safepoint (shutting down)

VM Mutex/Monitor currently owned by a thread:  ([mutex/lock_event])
[0x0000025fec59f820] Threads_lock - owner thread: 0x0000025f9786a640
[0x0000025fec5a0c60] Heap_lock - owner thread: 0x00000260197d0d00

Heap address: 0x0000000601000000, size: 8176 MB, Compressed Oops mode: Zero based, Oop shift amount: 3

CDS archive(s) not mapped
Compressed class space mapped at: 0x0000000800000000-0x0000000840000000, reserved size: 1073741824
Narrow klass base: 0x0000000800000000, Narrow klass shift: 0, Narrow klass range: 0x40000000

GC Precious Log:
 CPUs: 12 total, 12 available
 Memory: 32694M
 Large Page Support: Disabled
 NUMA Support: Disabled
 Compressed Oops: Enabled (Zero based)
 Heap Region Size: 4M
 Heap Min Capacity: 8M
 Heap Initial Capacity: 512M
 Heap Max Capacity: 8176M
 Pre-touch: Disabled
 Parallel Workers: 10
 Concurrent Workers: 3
 Concurrent Refinement Workers: 10
 Periodic GC: Disabled

Heap:
 garbage-first heap   total 524288K, used 20326K [0x0000000601000000, 0x0000000800000000)
  region size 4096K, 7 young (28672K), 1 survivors (4096K)
 Metaspace       used 15166K, committed 15424K, reserved 1064960K
  class space    used 1434K, committed 1536K, reserved 1048576K

Heap Regions: E=young(eden), S=young(survivor), O=old, HS=humongous(starts), HC=humongous(continues), CS=collection set, F=free, OA=open archive, CA=closed archive, TAMS=top-at-mark-start (previous, next)
|   0|0x0000000601000000, 0x0000000601000000, 0x0000000601400000|  0%| F|  |TAMS 0x0000000601000000, 0x0000000601000000| Untracked 
|   1|0x0000000601400000, 0x0000000601400000, 0x0000000601800000|  0%| F|  |TAMS 0x0000000601400000, 0x0000000601400000| Untracked 
|   2|0x0000000601800000, 0x0000000601800000, 0x0000000601c00000|  0%| F|  |TAMS 0x0000000601800000, 0x0000000601800000| Untracked 
|   3|0x0000000601c00000, 0x0000000601c00000, 0x0000000602000000|  0%| F|  |TAMS 0x0000000601c00000, 0x0000000601c00000| Untracked 
|   4|0x0000000602000000, 0x0000000602000000, 0x0000000602400000|  0%| F|  |TAMS 0x0000000602000000, 0x0000000602000000| Untracked 
|   5|0x0000000602400000, 0x0000000602400000, 0x0000000602800000|  0%| F|  |TAMS 0x0000000602400000, 0x0000000602400000| Untracked 
|   6|0x0000000602800000, 0x0000000602800000, 0x0000000602c00000|  0%| F|  |TAMS 0x0000000602800000, 0x0000000602800000| Untracked 
|   7|0x0000000602c00000, 0x0000000602c00000, 0x0000000603000000|  0%| F|  |TAMS 0x0000000602c00000, 0x0000000602c00000| Untracked 
|   8|0x0000000603000000, 0x0000000603000000, 0x0000000603400000|  0%| F|  |TAMS 0x0000000603000000, 0x0000000603000000| Untracked 
|   9|0x0000000603400000, 0x0000000603400000, 0x0000000603800000|  0%| F|  |TAMS 0x0000000603400000, 0x0000000603400000| Untracked 
|  10|0x0000000603800000, 0x0000000603800000, 0x0000000603c00000|  0%| F|  |TAMS 0x0000000603800000, 0x0000000603800000| Untracked 
|  11|0x0000000603c00000, 0x0000000603c00000, 0x0000000604000000|  0%| F|  |TAMS 0x0000000603c00000, 0x0000000603c00000| Untracked 
|  12|0x0000000604000000, 0x0000000604000000, 0x0000000604400000|  0%| F|  |TAMS 0x0000000604000000, 0x0000000604000000| Untracked 
|  13|0x0000000604400000, 0x0000000604400000, 0x0000000604800000|  0%| F|  |TAMS 0x0000000604400000, 0x0000000604400000| Untracked 
|  14|0x0000000604800000, 0x0000000604800000, 0x0000000604c00000|  0%| F|  |TAMS 0x0000000604800000, 0x0000000604800000| Untracked 
|  15|0x0000000604c00000, 0x0000000604c00000, 0x0000000605000000|  0%| F|  |TAMS 0x0000000604c00000, 0x0000000604c00000| Untracked 
|  16|0x0000000605000000, 0x0000000605000000, 0x0000000605400000|  0%| F|  |TAMS 0x0000000605000000, 0x0000000605000000| Untracked 
|  17|0x0000000605400000, 0x0000000605400000, 0x0000000605800000|  0%| F|  |TAMS 0x0000000605400000, 0x0000000605400000| Untracked 
|  18|0x0000000605800000, 0x0000000605800000, 0x0000000605c00000|  0%| F|  |TAMS 0x0000000605800000, 0x0000000605800000| Untracked 
|  19|0x0000000605c00000, 0x0000000605c00000, 0x0000000606000000|  0%| F|  |TAMS 0x0000000605c00000, 0x0000000605c00000| Untracked 
|  20|0x0000000606000000, 0x0000000606000000, 0x0000000606400000|  0%| F|  |TAMS 0x0000000606000000, 0x0000000606000000| Untracked 
|  21|0x0000000606400000, 0x0000000606400000, 0x0000000606800000|  0%| F|  |TAMS 0x0000000606400000, 0x0000000606400000| Untracked 
|  22|0x0000000606800000, 0x0000000606800000, 0x0000000606c00000|  0%| F|  |TAMS 0x0000000606800000, 0x0000000606800000| Untracked 
|  23|0x0000000606c00000, 0x0000000606c00000, 0x0000000607000000|  0%| F|  |TAMS 0x0000000606c00000, 0x0000000606c00000| Untracked 
|  24|0x0000000607000000, 0x0000000607000000, 0x0000000607400000|  0%| F|  |TAMS 0x0000000607000000, 0x0000000607000000| Untracked 
|  25|0x0000000607400000, 0x0000000607400000, 0x0000000607800000|  0%| F|  |TAMS 0x0000000607400000, 0x0000000607400000| Untracked 
|  26|0x0000000607800000, 0x0000000607800000, 0x0000000607c00000|  0%| F|  |TAMS 0x0000000607800000, 0x0000000607800000| Untracked 
|  27|0x0000000607c00000, 0x0000000607c00000, 0x0000000608000000|  0%| F|  |TAMS 0x0000000607c00000, 0x0000000607c00000| Untracked 
|  28|0x0000000608000000, 0x0000000608000000, 0x0000000608400000|  0%| F|  |TAMS 0x0000000608000000, 0x0000000608000000| Untracked 
|  29|0x0000000608400000, 0x0000000608400000, 0x0000000608800000|  0%| F|  |TAMS 0x0000000608400000, 0x0000000608400000| Untracked 
|  30|0x0000000608800000, 0x0000000608800000, 0x0000000608c00000|  0%| F|  |TAMS 0x0000000608800000, 0x0000000608800000| Untracked 
|  31|0x0000000608c00000, 0x0000000608c00000, 0x0000000609000000|  0%| F|  |TAMS 0x0000000608c00000, 0x0000000608c00000| Untracked 
|  32|0x0000000609000000, 0x0000000609000000, 0x0000000609400000|  0%| F|  |TAMS 0x0000000609000000, 0x0000000609000000| Untracked 
|  33|0x0000000609400000, 0x0000000609400000, 0x0000000609800000|  0%| F|  |TAMS 0x0000000609400000, 0x0000000609400000| Untracked 
|  34|0x0000000609800000, 0x0000000609800000, 0x0000000609c00000|  0%| F|  |TAMS 0x0000000609800000, 0x0000000609800000| Untracked 
|  35|0x0000000609c00000, 0x0000000609c00000, 0x000000060a000000|  0%| F|  |TAMS 0x0000000609c00000, 0x0000000609c00000| Untracked 
|  36|0x000000060a000000, 0x000000060a000000, 0x000000060a400000|  0%| F|  |TAMS 0x000000060a000000, 0x000000060a000000| Untracked 
|  37|0x000000060a400000, 0x000000060a400000, 0x000000060a800000|  0%| F|  |TAMS 0x000000060a400000, 0x000000060a400000| Untracked 
|  38|0x000000060a800000, 0x000000060a800000, 0x000000060ac00000|  0%| F|  |TAMS 0x000000060a800000, 0x000000060a800000| Untracked 
|  39|0x000000060ac00000, 0x000000060ac00000, 0x000000060b000000|  0%| F|  |TAMS 0x000000060ac00000, 0x000000060ac00000| Untracked 
|  40|0x000000060b000000, 0x000000060b000000, 0x000000060b400000|  0%| F|  |TAMS 0x000000060b000000, 0x000000060b000000| Untracked 
|  41|0x000000060b400000, 0x000000060b400000, 0x000000060b800000|  0%| F|  |TAMS 0x000000060b400000, 0x000000060b400000| Untracked 
|  42|0x000000060b800000, 0x000000060b800000, 0x000000060bc00000|  0%| F|  |TAMS 0x000000060b800000, 0x000000060b800000| Untracked 
|  43|0x000000060bc00000, 0x000000060bc00000, 0x000000060c000000|  0%| F|  |TAMS 0x000000060bc00000, 0x000000060bc00000| Untracked 
|  44|0x000000060c000000, 0x000000060c000000, 0x000000060c400000|  0%| F|  |TAMS 0x000000060c000000, 0x000000060c000000| Untracked 
|  45|0x000000060c400000, 0x000000060c400000, 0x000000060c800000|  0%| F|  |TAMS 0x000000060c400000, 0x000000060c400000| Untracked 
|  46|0x000000060c800000, 0x000000060c800000, 0x000000060cc00000|  0%| F|  |TAMS 0x000000060c800000, 0x000000060c800000| Untracked 
|  47|0x000000060cc00000, 0x000000060cc00000, 0x000000060d000000|  0%| F|  |TAMS 0x000000060cc00000, 0x000000060cc00000| Untracked 
|  48|0x000000060d000000, 0x000000060d000000, 0x000000060d400000|  0%| F|  |TAMS 0x000000060d000000, 0x000000060d000000| Untracked 
|  49|0x000000060d400000, 0x000000060d400000, 0x000000060d800000|  0%| F|  |TAMS 0x000000060d400000, 0x000000060d400000| Untracked 
|  50|0x000000060d800000, 0x000000060d800000, 0x000000060dc00000|  0%| F|  |TAMS 0x000000060d800000, 0x000000060d800000| Untracked 
|  51|0x000000060dc00000, 0x000000060dc00000, 0x000000060e000000|  0%| F|  |TAMS 0x000000060dc00000, 0x000000060dc00000| Untracked 
|  52|0x000000060e000000, 0x000000060e000000, 0x000000060e400000|  0%| F|  |TAMS 0x000000060e000000, 0x000000060e000000| Untracked 
|  53|0x000000060e400000, 0x000000060e400000, 0x000000060e800000|  0%| F|  |TAMS 0x000000060e400000, 0x000000060e400000| Untracked 
|  54|0x000000060e800000, 0x000000060e800000, 0x000000060ec00000|  0%| F|  |TAMS 0x000000060e800000, 0x000000060e800000| Untracked 
|  55|0x000000060ec00000, 0x000000060ec00000, 0x000000060f000000|  0%| F|  |TAMS 0x000000060ec00000, 0x000000060ec00000| Untracked 
|  56|0x000000060f000000, 0x000000060f000000, 0x000000060f400000|  0%| F|  |TAMS 0x000000060f000000, 0x000000060f000000| Untracked 
|  57|0x000000060f400000, 0x000000060f400000, 0x000000060f800000|  0%| F|  |TAMS 0x000000060f400000, 0x000000060f400000| Untracked 
|  58|0x000000060f800000, 0x000000060f800000, 0x000000060fc00000|  0%| F|  |TAMS 0x000000060f800000, 0x000000060f800000| Untracked 
|  59|0x000000060fc00000, 0x000000060fc00000, 0x0000000610000000|  0%| F|  |TAMS 0x000000060fc00000, 0x000000060fc00000| Untracked 
|  60|0x0000000610000000, 0x0000000610000000, 0x0000000610400000|  0%| F|  |TAMS 0x0000000610000000, 0x0000000610000000| Untracked 
|  61|0x0000000610400000, 0x0000000610400000, 0x0000000610800000|  0%| F|  |TAMS 0x0000000610400000, 0x0000000610400000| Untracked 
|  62|0x0000000610800000, 0x0000000610800000, 0x0000000610c00000|  0%| F|  |TAMS 0x0000000610800000, 0x0000000610800000| Untracked 
|  63|0x0000000610c00000, 0x0000000610c00000, 0x0000000611000000|  0%| F|  |TAMS 0x0000000610c00000, 0x0000000610c00000| Untracked 
|  64|0x0000000611000000, 0x0000000611000000, 0x0000000611400000|  0%| F|  |TAMS 0x0000000611000000, 0x0000000611000000| Untracked 
|  65|0x0000000611400000, 0x0000000611400000, 0x0000000611800000|  0%| F|  |TAMS 0x0000000611400000, 0x0000000611400000| Untracked 
|  66|0x0000000611800000, 0x0000000611800000, 0x0000000611c00000|  0%| F|  |TAMS 0x0000000611800000, 0x0000000611800000| Untracked 
|  67|0x0000000611c00000, 0x0000000611c00000, 0x0000000612000000|  0%| F|  |TAMS 0x0000000611c00000, 0x0000000611c00000| Untracked 
|  68|0x0000000612000000, 0x0000000612000000, 0x0000000612400000|  0%| F|  |TAMS 0x0000000612000000, 0x0000000612000000| Untracked 
|  69|0x0000000612400000, 0x0000000612400000, 0x0000000612800000|  0%| F|  |TAMS 0x0000000612400000, 0x0000000612400000| Untracked 
|  70|0x0000000612800000, 0x0000000612800000, 0x0000000612c00000|  0%| F|  |TAMS 0x0000000612800000, 0x0000000612800000| Untracked 
|  71|0x0000000612c00000, 0x0000000612c00000, 0x0000000613000000|  0%| F|  |TAMS 0x0000000612c00000, 0x0000000612c00000| Untracked 
|  72|0x0000000613000000, 0x0000000613000000, 0x0000000613400000|  0%| F|  |TAMS 0x0000000613000000, 0x0000000613000000| Untracked 
|  73|0x0000000613400000, 0x0000000613400000, 0x0000000613800000|  0%| F|  |TAMS 0x0000000613400000, 0x0000000613400000| Untracked 
|  74|0x0000000613800000, 0x0000000613800000, 0x0000000613c00000|  0%| F|  |TAMS 0x0000000613800000, 0x0000000613800000| Untracked 
|  75|0x0000000613c00000, 0x0000000613c00000, 0x0000000614000000|  0%| F|  |TAMS 0x0000000613c00000, 0x0000000613c00000| Untracked 
|  76|0x0000000614000000, 0x0000000614000000, 0x0000000614400000|  0%| F|  |TAMS 0x0000000614000000, 0x0000000614000000| Untracked 
|  77|0x0000000614400000, 0x0000000614400000, 0x0000000614800000|  0%| F|  |TAMS 0x0000000614400000, 0x0000000614400000| Untracked 
|  78|0x0000000614800000, 0x0000000614800000, 0x0000000614c00000|  0%| F|  |TAMS 0x0000000614800000, 0x0000000614800000| Untracked 
|  79|0x0000000614c00000, 0x0000000614c00000, 0x0000000615000000|  0%| F|  |TAMS 0x0000000614c00000, 0x0000000614c00000| Untracked 
|  80|0x0000000615000000, 0x0000000615000000, 0x0000000615400000|  0%| F|  |TAMS 0x0000000615000000, 0x0000000615000000| Untracked 
|  81|0x0000000615400000, 0x0000000615400000, 0x0000000615800000|  0%| F|  |TAMS 0x0000000615400000, 0x0000000615400000| Untracked 
|  82|0x0000000615800000, 0x0000000615800000, 0x0000000615c00000|  0%| F|  |TAMS 0x0000000615800000, 0x0000000615800000| Untracked 
|  83|0x0000000615c00000, 0x0000000615c00000, 0x0000000616000000|  0%| F|  |TAMS 0x0000000615c00000, 0x0000000615c00000| Untracked 
|  84|0x0000000616000000, 0x0000000616000000, 0x0000000616400000|  0%| F|  |TAMS 0x0000000616000000, 0x0000000616000000| Untracked 
|  85|0x0000000616400000, 0x0000000616400000, 0x0000000616800000|  0%| F|  |TAMS 0x0000000616400000, 0x0000000616400000| Untracked 
|  86|0x0000000616800000, 0x0000000616800000, 0x0000000616c00000|  0%| F|  |TAMS 0x0000000616800000, 0x0000000616800000| Untracked 
|  87|0x0000000616c00000, 0x0000000616c00000, 0x0000000617000000|  0%| F|  |TAMS 0x0000000616c00000, 0x0000000616c00000| Untracked 
|  88|0x0000000617000000, 0x0000000617000000, 0x0000000617400000|  0%| F|  |TAMS 0x0000000617000000, 0x0000000617000000| Untracked 
|  89|0x0000000617400000, 0x0000000617400000, 0x0000000617800000|  0%| F|  |TAMS 0x0000000617400000, 0x0000000617400000| Untracked 
|  90|0x0000000617800000, 0x0000000617800000, 0x0000000617c00000|  0%| F|  |TAMS 0x0000000617800000, 0x0000000617800000| Untracked 
|  91|0x0000000617c00000, 0x0000000617c00000, 0x0000000618000000|  0%| F|  |TAMS 0x0000000617c00000, 0x0000000617c00000| Untracked 
|  92|0x0000000618000000, 0x0000000618000000, 0x0000000618400000|  0%| F|  |TAMS 0x0000000618000000, 0x0000000618000000| Untracked 
|  93|0x0000000618400000, 0x0000000618400000, 0x0000000618800000|  0%| F|  |TAMS 0x0000000618400000, 0x0000000618400000| Untracked 
|  94|0x0000000618800000, 0x0000000618800000, 0x0000000618c00000|  0%| F|  |TAMS 0x0000000618800000, 0x0000000618800000| Untracked 
|  95|0x0000000618c00000, 0x0000000618c00000, 0x0000000619000000|  0%| F|  |TAMS 0x0000000618c00000, 0x0000000618c00000| Untracked 
|  96|0x0000000619000000, 0x0000000619000000, 0x0000000619400000|  0%| F|  |TAMS 0x0000000619000000, 0x0000000619000000| Untracked 
|  97|0x0000000619400000, 0x0000000619400000, 0x0000000619800000|  0%| F|  |TAMS 0x0000000619400000, 0x0000000619400000| Untracked 
|  98|0x0000000619800000, 0x0000000619800000, 0x0000000619c00000|  0%| F|  |TAMS 0x0000000619800000, 0x0000000619800000| Untracked 
|  99|0x0000000619c00000, 0x0000000619c00000, 0x000000061a000000|  0%| F|  |TAMS 0x0000000619c00000, 0x0000000619c00000| Untracked 
| 100|0x000000061a000000, 0x000000061a000000, 0x000000061a400000|  0%| F|  |TAMS 0x000000061a000000, 0x000000061a000000| Untracked 
| 101|0x000000061a400000, 0x000000061a400000, 0x000000061a800000|  0%| F|  |TAMS 0x000000061a400000, 0x000000061a400000| Untracked 
| 102|0x000000061a800000, 0x000000061a800000, 0x000000061ac00000|  0%| F|  |TAMS 0x000000061a800000, 0x000000061a800000| Untracked 
| 103|0x000000061ac00000, 0x000000061ac00000, 0x000000061b000000|  0%| F|  |TAMS 0x000000061ac00000, 0x000000061ac00000| Untracked 
| 104|0x000000061b000000, 0x000000061b000000, 0x000000061b400000|  0%| F|  |TAMS 0x000000061b000000, 0x000000061b000000| Untracked 
| 105|0x000000061b400000, 0x000000061b400000, 0x000000061b800000|  0%| F|  |TAMS 0x000000061b400000, 0x000000061b400000| Untracked 
| 106|0x000000061b800000, 0x000000061b800000, 0x000000061bc00000|  0%| F|  |TAMS 0x000000061b800000, 0x000000061b800000| Untracked 
| 107|0x000000061bc00000, 0x000000061bc00000, 0x000000061c000000|  0%| F|  |TAMS 0x000000061bc00000, 0x000000061bc00000| Untracked 
| 108|0x000000061c000000, 0x000000061c000000, 0x000000061c400000|  0%| F|  |TAMS 0x000000061c000000, 0x000000061c000000| Untracked 
| 109|0x000000061c400000, 0x000000061c400000, 0x000000061c800000|  0%| F|  |TAMS 0x000000061c400000, 0x000000061c400000| Untracked 
| 110|0x000000061c800000, 0x000000061c800000, 0x000000061cc00000|  0%| F|  |TAMS 0x000000061c800000, 0x000000061c800000| Untracked 
| 111|0x000000061cc00000, 0x000000061cc00000, 0x000000061d000000|  0%| F|  |TAMS 0x000000061cc00000, 0x000000061cc00000| Untracked 
| 112|0x000000061d000000, 0x000000061d000000, 0x000000061d400000|  0%| F|  |TAMS 0x000000061d000000, 0x000000061d000000| Untracked 
| 113|0x000000061d400000, 0x000000061d400000, 0x000000061d800000|  0%| F|  |TAMS 0x000000061d400000, 0x000000061d400000| Untracked 
| 114|0x000000061d800000, 0x000000061d800000, 0x000000061dc00000|  0%| F|  |TAMS 0x000000061d800000, 0x000000061d800000| Untracked 
| 115|0x000000061dc00000, 0x000000061dc00000, 0x000000061e000000|  0%| F|  |TAMS 0x000000061dc00000, 0x000000061dc00000| Untracked 
| 116|0x000000061e000000, 0x000000061e000000, 0x000000061e400000|  0%| F|  |TAMS 0x000000061e000000, 0x000000061e000000| Untracked 
| 117|0x000000061e400000, 0x000000061e400000, 0x000000061e800000|  0%| F|  |TAMS 0x000000061e400000, 0x000000061e400000| Untracked 
| 118|0x000000061e800000, 0x000000061e800000, 0x000000061ec00000|  0%| F|  |TAMS 0x000000061e800000, 0x000000061e800000| Untracked 
| 119|0x000000061ec00000, 0x000000061ec00000, 0x000000061f000000|  0%| F|  |TAMS 0x000000061ec00000, 0x000000061ec00000| Untracked 
| 120|0x000000061f000000, 0x000000061f000000, 0x000000061f400000|  0%| F|  |TAMS 0x000000061f000000, 0x000000061f000000| Untracked 
| 121|0x000000061f400000, 0x000000061f7d9af0, 0x000000061f800000| 96%| S|CS|TAMS 0x000000061f400000, 0x000000061f400000| Complete 
| 122|0x000000061f800000, 0x000000061fb35978, 0x000000061fc00000| 80%| E|  |TAMS 0x000000061f800000, 0x000000061f800000| Complete 
| 123|0x000000061fc00000, 0x0000000620000000, 0x0000000620000000|100%| E|CS|TAMS 0x000000061fc00000, 0x000000061fc00000| Complete 
| 124|0x0000000620000000, 0x0000000620400000, 0x0000000620400000|100%| E|  |TAMS 0x0000000620000000, 0x0000000620000000| Complete 
| 125|0x0000000620400000, 0x0000000620800000, 0x0000000620800000|100%| E|CS|TAMS 0x0000000620400000, 0x0000000620400000| Complete 
| 126|0x0000000620800000, 0x0000000620c00000, 0x0000000620c00000|100%| E|CS|TAMS 0x0000000620800000, 0x0000000620800000| Complete 
| 127|0x0000000620c00000, 0x0000000621000000, 0x0000000621000000|100%| E|CS|TAMS 0x0000000620c00000, 0x0000000620c00000| Complete 

Card table byte_map: [0x0000025ff30d0000,0x0000025ff40d0000] _byte_map_base: 0x0000025ff00c8000

Marking Bits (Prev, Next): (CMBitMap*) 0x0000025fec61afb0, (CMBitMap*) 0x0000025fec61aff0
 Prev Bits: [0x0000025ff50d0000, 0x0000025ffd090000)
 Next Bits: [0x0000025f8f000000, 0x0000025f96fc0000)

Polling page: 0x0000025fec670000

Metaspace:

Usage:
  Non-class:     13.41 MB used.
      Class:      1.40 MB used.
       Both:     14.81 MB used.

Virtual space:
  Non-class space:       16.00 MB reserved,      13.56 MB ( 85%) committed,  2 nodes.
      Class space:        1.00 GB reserved,       1.50 MB ( <1%) committed,  1 nodes.
             Both:        1.02 GB reserved,      15.06 MB (  1%) committed. 

Chunk freelists:
   Non-Class:  2.36 MB
       Class:  2.55 MB
        Both:  4.91 MB

MaxMetaspaceSize: unlimited
CompressedClassSpaceSize: 1.00 GB
Initial GC threshold: 21.00 MB
Current GC threshold: 21.00 MB
CDS: off
MetaspaceReclaimPolicy: balanced
 - commit_granule_bytes: 65536.
 - commit_granule_words: 8192.
 - virtual_space_node_default_size: 1048576.
 - enlarge_chunks_in_place: 1.
 - new_chunks_are_fully_committed: 0.
 - uncommit_free_chunks: 1.
 - use_allocation_guard: 0.
 - handle_deallocations: 1.


Internal statistics:

num_allocs_failed_limit: 0.
num_arena_births: 110.
num_arena_deaths: 0.
num_vsnodes_births: 3.
num_vsnodes_deaths: 0.
num_space_committed: 241.
num_space_uncommitted: 0.
num_chunks_returned_to_freelist: 0.
num_chunks_taken_from_freelist: 193.
num_chunk_merges: 0.
num_chunk_splits: 106.
num_chunks_enlarged: 54.
num_purges: 0.
num_inconsistent_stats: 0.

CodeHeap 'non-profiled nmethods': size=120000Kb used=393Kb max_used=393Kb free=119606Kb
 bounds [0x0000025f87ad0000, 0x0000025f87d40000, 0x0000025f8f000000]
CodeHeap 'profiled nmethods': size=120000Kb used=2382Kb max_used=2382Kb free=117617Kb
 bounds [0x0000025f805a0000, 0x0000025f80810000, 0x0000025f87ad0000]
CodeHeap 'non-nmethods': size=5760Kb used=1480Kb max_used=1520Kb free=4280Kb
 bounds [0x0000025f80000000, 0x0000025f80270000, 0x0000025f805a0000]
 total_blobs=2282 nmethods=1407 adapters=788
 compilation: enabled
              stopped_count=0, restarted_count=0
 full_count=0

Compilation events (20 events):
Event: 98.815 Thread 0x0000025f978c0030 1399       3       java.util.HashSet::clear (8 bytes)
Event: 98.815 Thread 0x0000025f978c0030 nmethod 1399 0x0000025f807ef610 code [0x0000025f807ef7c0, 0x0000025f807ef9a8]
Event: 98.815 Thread 0x0000025f978c0030 1400       3       java.awt.Window::isOpaque (29 bytes)
Event: 98.815 Thread 0x0000025f978c0030 nmethod 1400 0x0000025f807efa90 code [0x0000025f807efc60, 0x0000025f807f0268]
Event: 98.815 Thread 0x0000025f978c0030 1401       3       java.util.Collections::emptyList (4 bytes)
Event: 98.816 Thread 0x0000025f978c0030 nmethod 1401 0x0000025f807f0410 code [0x0000025f807f05a0, 0x0000025f807f0698]
Event: 98.816 Thread 0x0000025f978c0030 1402       1       sun.awt.windows.WObjectPeer::getTarget (5 bytes)
Event: 98.816 Thread 0x0000025f978c0030 nmethod 1402 0x0000025f87b32490 code [0x0000025f87b32620, 0x0000025f87b326f8]
Event: 98.816 Thread 0x0000025f978c0030 1403       3       sun.java2d.SunGraphics2D::create (8 bytes)
Event: 98.817 Thread 0x0000025f978c0030 nmethod 1403 0x0000025f807f0710 code [0x0000025f807f08c0, 0x0000025f807f0ae8]
Event: 98.817 Thread 0x0000025f978c0030 1404   !   3       sun.java2d.SunGraphics2D::clone (114 bytes)
Event: 98.817 Thread 0x0000025f978c0030 nmethod 1404 0x0000025f807f0b90 code [0x0000025f807f0de0, 0x0000025f807f19a8]
Event: 98.868 Thread 0x0000025f978c0030 1405       3       java.util.LinkedList::checkPositionIndex (22 bytes)
Event: 98.868 Thread 0x0000025f978c0030 nmethod 1405 0x0000025f807f1d90 code [0x0000025f807f1fe0, 0x0000025f807f26e8]
Event: 98.868 Thread 0x0000025f978c0030 1406       3       java.util.LinkedList::isPositionIndex (18 bytes)
Event: 98.869 Thread 0x0000025f978c0030 nmethod 1406 0x0000025f807f2a10 code [0x0000025f807f2ba0, 0x0000025f807f2d38]
Event: 98.941 Thread 0x0000025f978c0030 1407       3       java.util.ArrayList::indexOfRange (71 bytes)
Event: 98.941 Thread 0x0000025f978c0030 nmethod 1407 0x0000025f807f2e10 code [0x0000025f807f2fe0, 0x0000025f807f34a8]
Event: 98.941 Thread 0x0000025f978c0030 1408       3       java.util.ArrayList::indexOf (11 bytes)
Event: 98.941 Thread 0x0000025f978c0030 nmethod 1408 0x0000025f807f3690 code [0x0000025f807f3840, 0x0000025f807f3988]

GC Heap History (2 events):
Event: 78.203 GC heap before
{Heap before GC invocations=0 (full 0):
 garbage-first heap   total 524288K, used 20480K [0x0000000601000000, 0x0000000800000000)
  region size 4096K, 6 young (24576K), 0 survivors (0K)
 Metaspace       used 14874K, committed 15104K, reserved 1064960K
  class space    used 1433K, committed 1536K, reserved 1048576K
}
Event: 78.206 GC heap after
{Heap after GC invocations=1 (full 0):
 garbage-first heap   total 524288K, used 3942K [0x0000000601000000, 0x0000000800000000)
  region size 4096K, 1 young (4096K), 1 survivors (4096K)
 Metaspace       used 14874K, committed 15104K, reserved 1064960K
  class space    used 1433K, committed 1536K, reserved 1048576K
}

Deoptimization events (12 events):
Event: 67.365 Thread 0x0000025fec5a3da0 DEOPT PACKING pc=0x0000025f805b74e7 sp=0x000000dd443fc5a0
Event: 67.365 Thread 0x0000025fec5a3da0 DEOPT UNPACKING pc=0x0000025f80052b43 sp=0x000000dd443fb9c0 mode 0
Event: 67.368 Thread 0x0000025fec5a3da0 DEOPT PACKING pc=0x0000025f805b4551 sp=0x000000dd443fc850
Event: 67.368 Thread 0x0000025fec5a3da0 DEOPT UNPACKING pc=0x0000025f80052b43 sp=0x000000dd443fbcc8 mode 0
Event: 67.370 Thread 0x0000025fec5a3da0 Uncommon trap: trap_request=0xffffff45 fr.pc=0x0000025f87aeeb24 relative=0x0000000000000464
Event: 67.370 Thread 0x0000025fec5a3da0 Uncommon trap: reason=unstable_if action=reinterpret pc=0x0000025f87aeeb24 method=java.lang.StringLatin1.replace([BCC)Ljava/lang/String; @ 19 c2
Event: 67.370 Thread 0x0000025fec5a3da0 DEOPT PACKING pc=0x0000025f87aeeb24 sp=0x000000dd443fe3e0
Event: 67.370 Thread 0x0000025fec5a3da0 DEOPT UNPACKING pc=0x0000025f800523a3 sp=0x000000dd443fe360 mode 2
Event: 85.102 Thread 0x00000260197d0d00 Uncommon trap: trap_request=0xffffff45 fr.pc=0x0000025f87b201e8 relative=0x0000000000000048
Event: 85.102 Thread 0x00000260197d0d00 Uncommon trap: reason=unstable_if action=reinterpret pc=0x0000025f87b201e8 method=java.security.AccessController.getContext()Ljava/security/AccessControlContext; @ 5 c2
Event: 85.102 Thread 0x00000260197d0d00 DEOPT PACKING pc=0x0000025f87b201e8 sp=0x000000dd495fe1c0
Event: 85.102 Thread 0x00000260197d0d00 DEOPT UNPACKING pc=0x0000025f800523a3 sp=0x000000dd495fe158 mode 2

Classes unloaded (0 events):
No events

Classes redefined (0 events):
No events

Internal exceptions (12 events):
Event: 67.162 Thread 0x0000025fec5a3da0 Exception <a 'java/lang/ClassNotFoundException'{0x0000000620e35698}: sun/awt/resources/spi/awtProvider> (0x0000000620e35698) 
thrown [e:\jenkins\tmp\workspace\build\src\src\hotspot\share\classfile\systemDictionary.cpp, line 256]
Event: 67.178 Thread 0x0000025fec5a3da0 Exception <a 'java/io/FileNotFoundException'{0x0000000620e8ff68}> (0x0000000620e8ff68) 
thrown [e:\jenkins\tmp\workspace\build\src\src\hotspot\share\prims\jni.cpp, line 516]
Event: 67.181 Thread 0x0000025fec5a3da0 Exception <a 'java/io/FileNotFoundException'{0x0000000620ebcee0}> (0x0000000620ebcee0) 
thrown [e:\jenkins\tmp\workspace\build\src\src\hotspot\share\prims\jni.cpp, line 516]
Event: 67.202 Thread 0x0000025fec5a3da0 Exception <a 'java/lang/NoSuchMethodError'{0x0000000620f0cfd8}: 'java.lang.Object java.lang.invoke.DirectMethodHandle$Holder.invokeStaticInit(java.lang.Object)'> (0x0000000620f0cfd8) 
thrown [e:\jenkins\tmp\workspace\build\src\src\hotspot\share\interpreter\linkResolver.cpp, line 766]
Event: 67.215 Thread 0x0000025fec5a3da0 Exception <a 'java/lang/NoSuchMethodError'{0x0000000620f38290}: 'void java.lang.invoke.DirectMethodHandle$Holder.invokeSpecial(java.lang.Object, java.lang.Object, java.lang.Object)'> (0x0000000620f38290) 
thrown [e:\jenkins\tmp\workspace\build\src\src\hotspot\share\interpreter\linkResolver.cpp, line 766]
Event: 67.219 Thread 0x0000025fec5a3da0 Exception <a 'java/lang/NoSuchMethodError'{0x0000000620fdd2e8}: 'java.lang.Object java.lang.invoke.DirectMethodHandle$Holder.newInvokeSpecial(java.lang.Object, java.lang.Object, java.lang.Object, java.lang.Object, java.lang.Object)'> (0x0000000620fdd2e8) 
thrown [e:\jenkins\tmp\workspace\build\src\src\hotspot\share\interpreter\linkResolver.cpp, line 766]
Event: 67.220 Thread 0x0000025fec5a3da0 Exception <a 'java/lang/NoSuchMethodError'{0x0000000620fe8cb0}: 'java.lang.Object java.lang.invoke.DirectMethodHandle$Holder.invokeStatic(java.lang.Object, int, java.lang.Object, java.lang.Object, java.lang.Object, java.lang.Object)'> (0x0000000620fe8cb0) 
thrown [e:\jenkins\tmp\workspace\build\src\src\hotspot\share\interpreter\linkResolver.cpp, line 766]
Event: 67.222 Thread 0x0000025fec5a3da0 Exception <a 'java/lang/NoSuchMethodError'{0x000000062080e960}: 'java.lang.Object java.lang.invoke.DirectMethodHandle$Holder.invokeStatic(java.lang.Object, int, java.lang.Object)'> (0x000000062080e960) 
thrown [e:\jenkins\tmp\workspace\build\src\src\hotspot\share\interpreter\linkResolver.cpp, line 766]
Event: 67.237 Thread 0x0000025fec5a3da0 Exception <a 'java/lang/ClassNotFoundException'{0x00000006208c8f70}: com/sun/swing/internal/plaf/metal/resources/spi/metalProvider> (0x00000006208c8f70) 
thrown [e:\jenkins\tmp\workspace\build\src\src\hotspot\share\classfile\systemDictionary.cpp, line 256]
Event: 67.238 Thread 0x0000025fec5a3da0 Exception <a 'java/lang/ClassNotFoundException'{0x00000006208ccbd0}: com/sun/swing/internal/plaf/basic/resources/spi/basicProvider> (0x00000006208ccbd0) 
thrown [e:\jenkins\tmp\workspace\build\src\src\hotspot\share\classfile\systemDictionary.cpp, line 256]
Event: 67.353 Thread 0x0000025fec5a3da0 Exception <a 'java/lang/NoSuchMethodError'{0x0000000620920648}: 'void java.lang.invoke.DirectMethodHandle$Holder.invokeStaticInit(java.lang.Object)'> (0x0000000620920648) 
thrown [e:\jenkins\tmp\workspace\build\src\src\hotspot\share\interpreter\linkResolver.cpp, line 766]
Event: 67.384 Thread 0x0000025faf900750 Exception <a 'java/lang/NoSuchMethodError'{0x0000000620f6f350}: 'void java.lang.invoke.DirectMethodHandle$Holder.invokeVirtual(java.lang.Object, java.lang.Object)'> (0x0000000620f6f350) 
thrown [e:\jenkins\tmp\workspace\build\src\src\hotspot\share\interpreter\linkResolver.cpp, line 766]

VM Operations (20 events):
Event: 84.487 Executing VM operation: Cleanup done
Event: 85.502 Executing VM operation: Cleanup
Event: 85.502 Executing VM operation: Cleanup done
Event: 86.505 Executing VM operation: Cleanup
Event: 86.505 Executing VM operation: Cleanup done
Event: 87.519 Executing VM operation: Cleanup
Event: 87.519 Executing VM operation: Cleanup done
Event: 89.547 Executing VM operation: Cleanup
Event: 89.547 Executing VM operation: Cleanup done
Event: 90.562 Executing VM operation: Cleanup
Event: 90.562 Executing VM operation: Cleanup done
Event: 91.576 Executing VM operation: Cleanup
Event: 91.576 Executing VM operation: Cleanup done
Event: 96.640 Executing VM operation: Cleanup
Event: 96.640 Executing VM operation: Cleanup done
Event: 97.644 Executing VM operation: Cleanup
Event: 97.644 Executing VM operation: Cleanup done
Event: 98.645 Executing VM operation: Cleanup
Event: 98.645 Executing VM operation: Cleanup done
Event: 99.256 Executing VM operation: Exit

Events (20 events):
Event: 97.640 Thread 0x0000025f97bf70d0 Thread exited: 0x0000025f97bf70d0
Event: 97.640 Thread 0x0000025f97bf9750 Thread exited: 0x0000025f97bf9750
Event: 97.781 Thread 0x0000025f97bf8db0 Thread added: 0x0000025f97bf8db0
Event: 97.782 Thread 0x0000025f97bf9750 Thread added: 0x0000025f97bf9750
Event: 97.782 Thread 0x0000025f97bf88e0 Thread added: 0x0000025f97bf88e0
Event: 97.782 Thread 0x0000025f97bf8db0 Thread exited: 0x0000025f97bf8db0
Event: 97.782 Thread 0x0000025f97bf9750 Thread exited: 0x0000025f97bf9750
Event: 97.782 Thread 0x0000025f97bf88e0 Thread exited: 0x0000025f97bf88e0
Event: 97.908 Thread 0x0000025f97bf88e0 Thread added: 0x0000025f97bf88e0
Event: 97.908 Thread 0x0000025f97bf70d0 Thread added: 0x0000025f97bf70d0
Event: 97.908 Thread 0x0000025f97bf75a0 Thread added: 0x0000025f97bf75a0
Event: 97.908 Thread 0x0000025f97bf88e0 Thread exited: 0x0000025f97bf88e0
Event: 97.908 Thread 0x0000025f97bf70d0 Thread exited: 0x0000025f97bf70d0
Event: 97.908 Thread 0x0000025f97bf75a0 Thread exited: 0x0000025f97bf75a0
Event: 99.148 Thread 0x0000025f97bf70d0 Thread added: 0x0000025f97bf70d0
Event: 99.148 Thread 0x0000025f97bf75a0 Thread added: 0x0000025f97bf75a0
Event: 99.148 Thread 0x0000025f97bf75a0 Thread exited: 0x0000025f97bf75a0
Event: 99.148 Thread 0x00000260197f6b10 Thread exited: 0x00000260197f6b10
Event: 99.171 Thread 0x0000025faf900750 Thread exited: 0x0000025faf900750
Event: 99.255 Thread 0x0000025f97bf70d0 Thread exited: 0x0000025f97bf70d0


Dynamic libraries:
0x00007ff6c7a10000 - 0x00007ff6c7a1e000 	C:\Users\carln\.p2\pool\plugins\org.eclipse.justj.openjdk.hotspot.jre.full.win32.x86_64_17.0.2.v20220201-1208\jre\bin\javaw.exe
0x00007ffa6dc50000 - 0x00007ffa6de67000 	C:\WINDOWS\SYSTEM32\ntdll.dll
0x00007ffa6c810000 - 0x00007ffa6c8d4000 	C:\WINDOWS\System32\KERNEL32.DLL
0x00007ffa6b440000 - 0x00007ffa6b7f9000 	C:\WINDOWS\System32\KERNELBASE.dll
0x00007ffa6b2b0000 - 0x00007ffa6b3c1000 	C:\WINDOWS\System32\ucrtbase.dll
0x00007ffa5bde0000 - 0x00007ffa5bdf8000 	C:\Users\carln\.p2\pool\plugins\org.eclipse.justj.openjdk.hotspot.jre.full.win32.x86_64_17.0.2.v20220201-1208\jre\bin\jli.dll
0x00007ffa5be70000 - 0x00007ffa5be89000 	C:\Users\carln\.p2\pool\plugins\org.eclipse.justj.openjdk.hotspot.jre.full.win32.x86_64_17.0.2.v20220201-1208\jre\bin\VCRUNTIME140.dll
0x00007ffa6b970000 - 0x00007ffa6bb1e000 	C:\WINDOWS\System32\USER32.dll
0x00007ffa513f0000 - 0x00007ffa51682000 	C:\WINDOWS\WinSxS\amd64_microsoft.windows.common-controls_6595b64144ccf1df_6.0.22621.4391_none_2715d37f73803e96\COMCTL32.dll
0x00007ffa6b8c0000 - 0x00007ffa6b8e6000 	C:\WINDOWS\System32\win32u.dll
0x00007ffa6d360000 - 0x00007ffa6d407000 	C:\WINDOWS\System32\msvcrt.dll
0x00007ffa6cb90000 - 0x00007ffa6cbb9000 	C:\WINDOWS\System32\GDI32.dll
0x00007ffa6af80000 - 0x00007ffa6b09b000 	C:\WINDOWS\System32\gdi32full.dll
0x00007ffa6b0a0000 - 0x00007ffa6b13a000 	C:\WINDOWS\System32\msvcp_win.dll
0x00007ffa6d190000 - 0x00007ffa6d1c1000 	C:\WINDOWS\System32\IMM32.DLL
0x00007ffa67c60000 - 0x00007ffa67c6c000 	C:\Users\carln\.p2\pool\plugins\org.eclipse.justj.openjdk.hotspot.jre.full.win32.x86_64_17.0.2.v20220201-1208\jre\bin\vcruntime140_1.dll
0x00007ffa57300000 - 0x00007ffa57391000 	C:\Users\carln\.p2\pool\plugins\org.eclipse.justj.openjdk.hotspot.jre.full.win32.x86_64_17.0.2.v20220201-1208\jre\bin\msvcp140.dll
0x00007ff98fa90000 - 0x00007ff9906d7000 	C:\Users\carln\.p2\pool\plugins\org.eclipse.justj.openjdk.hotspot.jre.full.win32.x86_64_17.0.2.v20220201-1208\jre\bin\server\jvm.dll
0x00007ffa6d2a0000 - 0x00007ffa6d352000 	C:\WINDOWS\System32\ADVAPI32.dll
0x00007ffa6da00000 - 0x00007ffa6daa7000 	C:\WINDOWS\System32\sechost.dll
0x00007ffa6af50000 - 0x00007ffa6af78000 	C:\WINDOWS\System32\bcrypt.dll
0x00007ffa6cbc0000 - 0x00007ffa6ccd4000 	C:\WINDOWS\System32\RPCRT4.dll
0x00007ffa6d290000 - 0x00007ffa6d298000 	C:\WINDOWS\System32\PSAPI.DLL
0x00007ffa64770000 - 0x00007ffa647a4000 	C:\WINDOWS\SYSTEM32\WINMM.dll
0x00007ffa4cd80000 - 0x00007ffa4cd89000 	C:\WINDOWS\SYSTEM32\WSOCK32.dll
0x00007ffa6cce0000 - 0x00007ffa6cd51000 	C:\WINDOWS\System32\WS2_32.dll
0x00007ffa63510000 - 0x00007ffa6351a000 	C:\WINDOWS\SYSTEM32\VERSION.dll
0x00007ffa69fd0000 - 0x00007ffa69fe8000 	C:\WINDOWS\SYSTEM32\kernel.appcore.dll
0x00007ffa64ac0000 - 0x00007ffa64aca000 	C:\Users\carln\.p2\pool\plugins\org.eclipse.justj.openjdk.hotspot.jre.full.win32.x86_64_17.0.2.v20220201-1208\jre\bin\jimage.dll
0x00007ffa68720000 - 0x00007ffa68952000 	C:\WINDOWS\SYSTEM32\DBGHELP.DLL
0x00007ffa6cd60000 - 0x00007ffa6d0ef000 	C:\WINDOWS\System32\combase.dll
0x00007ffa6c560000 - 0x00007ffa6c637000 	C:\WINDOWS\System32\OLEAUT32.dll
0x00007ffa51e50000 - 0x00007ffa51e82000 	C:\WINDOWS\SYSTEM32\dbgcore.DLL
0x00007ffa6b8f0000 - 0x00007ffa6b96b000 	C:\WINDOWS\System32\bcryptPrimitives.dll
0x00007ffa582e0000 - 0x00007ffa58305000 	C:\Users\carln\.p2\pool\plugins\org.eclipse.justj.openjdk.hotspot.jre.full.win32.x86_64_17.0.2.v20220201-1208\jre\bin\java.dll
0x00007ffa57600000 - 0x00007ffa57618000 	C:\Users\carln\.p2\pool\plugins\org.eclipse.justj.openjdk.hotspot.jre.full.win32.x86_64_17.0.2.v20220201-1208\jre\bin\zip.dll
0x00007ffa6bb20000 - 0x00007ffa6c396000 	C:\WINDOWS\System32\SHELL32.dll
0x00007ffa68e40000 - 0x00007ffa69743000 	C:\WINDOWS\SYSTEM32\windows.storage.dll
0x00007ffa68d00000 - 0x00007ffa68e3f000 	C:\WINDOWS\SYSTEM32\wintypes.dll
0x00007ffa6c8e0000 - 0x00007ffa6c9d9000 	C:\WINDOWS\System32\SHCORE.dll
0x00007ffa6d410000 - 0x00007ffa6d46e000 	C:\WINDOWS\System32\shlwapi.dll
0x00007ffa6ae80000 - 0x00007ffa6aeab000 	C:\WINDOWS\SYSTEM32\profapi.dll
0x00007ffa575e0000 - 0x00007ffa575f9000 	C:\Users\carln\.p2\pool\plugins\org.eclipse.justj.openjdk.hotspot.jre.full.win32.x86_64_17.0.2.v20220201-1208\jre\bin\net.dll
0x00007ffa669f0000 - 0x00007ffa66b26000 	C:\WINDOWS\SYSTEM32\WINHTTP.dll
0x00007ffa6a4b0000 - 0x00007ffa6a519000 	C:\WINDOWS\system32\mswsock.dll
0x00007ffa575c0000 - 0x00007ffa575d5000 	C:\Users\carln\.p2\pool\plugins\org.eclipse.justj.openjdk.hotspot.jre.full.win32.x86_64_17.0.2.v20220201-1208\jre\bin\nio.dll
0x00007ff97c910000 - 0x00007ff97fb75000 	C:\opencv\build\java\x64\opencv_java4100.dll
0x00007ffa6c9e0000 - 0x00007ffa6cb85000 	C:\WINDOWS\System32\ole32.dll
0x00007ffa671b0000 - 0x00007ffa6737e000 	C:\WINDOWS\SYSTEM32\MFPlat.DLL
0x00007ff9eeb60000 - 0x00007ff9eec81000 	C:\WINDOWS\SYSTEM32\MFReadWrite.dll
0x00007ffa67790000 - 0x00007ffa6781a000 	C:\WINDOWS\SYSTEM32\MF.dll
0x00007ffa681a0000 - 0x00007ffa68297000 	C:\WINDOWS\SYSTEM32\dxgi.dll
0x00007ffa6ac40000 - 0x00007ffa6ac8e000 	C:\WINDOWS\SYSTEM32\cfgmgr32.dll
0x00007ffa65440000 - 0x00007ffa65697000 	C:\WINDOWS\SYSTEM32\d3d11.dll
0x00007ffa673f0000 - 0x00007ffa6778b000 	C:\WINDOWS\SYSTEM32\MFCORE.DLL
0x00007ffa66ee0000 - 0x00007ffa66f13000 	C:\WINDOWS\SYSTEM32\RTWorkQ.DLL
0x00007ffa67f40000 - 0x00007ffa67ff1000 	C:\WINDOWS\system32\uxtheme.dll
0x00007ffa68060000 - 0x00007ffa68097000 	C:\WINDOWS\SYSTEM32\dxcore.dll
0x00007ffa63630000 - 0x00007ffa63679000 	C:\WINDOWS\SYSTEM32\directxdatabasehelper.dll
0x00007ffa5bfe0000 - 0x00007ffa60074000 	C:\WINDOWS\System32\DriverStore\FileRepository\u0409016.inf_amd64_2b8774c9217183cc\B408421\amdxx64.dll
0x00007ffa6d470000 - 0x00007ffa6d8e4000 	C:\WINDOWS\System32\SETUPAPI.dll
0x00007ffa5bf60000 - 0x00007ffa5bf83000 	C:\WINDOWS\system32\atidxx64.dll
0x00007ffa66950000 - 0x00007ffa669e7000 	C:\WINDOWS\SYSTEM32\apphelp.dll
0x0000000059040000 - 0x000000005919b000 	C:\WINDOWS\System32\DriverStore\FileRepository\u0409016.inf_amd64_2b8774c9217183cc\B408421\amdenc64.dll
0x00007ffa5bf20000 - 0x00007ffa5bf59000 	C:\WINDOWS\System32\DriverStore\FileRepository\u0409016.inf_amd64_2b8774c9217183cc\B408421\amdihk64.dll
0x00007ffa53d60000 - 0x00007ffa53d9c000 	C:\WINDOWS\SYSTEM32\CompPkgSup.DLL
0x00007ffa6d950000 - 0x00007ffa6da00000 	C:\WINDOWS\System32\clbcatq.dll
0x00007ffa09c00000 - 0x00007ffa0a2c6000 	C:\Windows\System32\Windows.Media.dll
0x00007ff9ef180000 - 0x00007ff9ef21e000 	C:\Windows\System32\FrameServerClient.dll
0x00007ffa6b140000 - 0x00007ffa6b2a6000 	C:\WINDOWS\System32\CRYPT32.dll
0x00007ffa67820000 - 0x00007ffa6789f000 	C:\Windows\System32\MFSENSORGROUP.dll
0x00007ffa58160000 - 0x00007ffa58260000 	C:\Windows\System32\Windows.ApplicationModel.dll
0x00007ffa66eb0000 - 0x00007ffa66ebb000 	C:\WINDOWS\SYSTEM32\AVRT.dll
0x00007ffa63ad0000 - 0x00007ffa63c14000 	C:\Windows\System32\AppXDeploymentClient.dll
0x00007ff9edfe0000 - 0x00007ff9ee075000 	C:\Windows\System32\Windows.Media.MediaControl.dll
0x00007ffa54d90000 - 0x00007ffa54e2e000 	C:\Windows\System32\MMDevAPI.DLL
0x00007ffa555c0000 - 0x00007ffa556ab000 	C:\Windows\System32\Windows.StateRepositoryPS.dll
0x00007ffa611a0000 - 0x00007ffa611dd000 	C:\WINDOWS\SYSTEM32\windows.staterepositoryclient.dll
0x00007ffa64100000 - 0x00007ffa6411a000 	C:\WINDOWS\SYSTEM32\windows.staterepositorycore.dll
0x00007ffa44070000 - 0x00007ffa4420d000 	C:\WINDOWS\System32\DriverStore\FileRepository\u0409016.inf_amd64_2b8774c9217183cc\B408421\amf-mft-mjpeg-decoder64.dll
0x00007ffa31d20000 - 0x00007ffa31d45000 	C:\WINDOWS\SYSTEM32\dxva2.dll
0x00007ff9ee6c0000 - 0x00007ff9ee868000 	C:\WINDOWS\SYSTEM32\d3d9.dll
0x00007ffa683a0000 - 0x00007ffa683cb000 	C:\WINDOWS\SYSTEM32\dwmapi.dll
0x00007ff9ee600000 - 0x00007ff9ee6bd000 	C:\WINDOWS\SYSTEM32\evr.dll
0x00007ffa6a100000 - 0x00007ffa6a14d000 	C:\WINDOWS\SYSTEM32\powrprof.dll
0x00007ffa69ff0000 - 0x00007ffa6a003000 	C:\WINDOWS\SYSTEM32\UMPDC.dll
0x00007ffa6a6c0000 - 0x00007ffa6a6cc000 	C:\WINDOWS\SYSTEM32\CRYPTBASE.DLL
0x00007ffa572d0000 - 0x00007ffa572f1000 	C:\Windows\System32\mfmjpegdec.dll
0x00007ff9ee170000 - 0x00007ff9ee29f000 	C:\Windows\System32\mfperfhelper.dll
0x00007ff9de620000 - 0x00007ff9de787000 	C:\WINDOWS\System32\msvproc.dll
0x00007ffa31300000 - 0x00007ffa3148e000 	C:\Users\carln\.p2\pool\plugins\org.eclipse.justj.openjdk.hotspot.jre.full.win32.x86_64_17.0.2.v20220201-1208\jre\bin\awt.dll
0x00007ffa6c640000 - 0x00007ffa6c7a0000 	C:\WINDOWS\System32\MSCTF.dll
0x00007ff9e83e0000 - 0x00007ff9e84e0000 	C:\WINDOWS\system32\opengl32.dll
0x00007ff9e8640000 - 0x00007ff9e866d000 	C:\WINDOWS\SYSTEM32\GLU32.dll
0x00007ff9b26d0000 - 0x00007ff9b607e000 	C:\WINDOWS\System32\DriverStore\FileRepository\u0409016.inf_amd64_2b8774c9217183cc\B408421\AMDXN64.DLL
0x00007ffa57420000 - 0x00007ffa574a9000 	C:\Users\carln\.p2\pool\plugins\org.eclipse.justj.openjdk.hotspot.jre.full.win32.x86_64_17.0.2.v20220201-1208\jre\bin\freetype.dll
0x00007ffa57040000 - 0x00007ffa570e8000 	C:\Users\carln\.p2\pool\plugins\org.eclipse.justj.openjdk.hotspot.jre.full.win32.x86_64_17.0.2.v20220201-1208\jre\bin\fontmanager.dll
0x00007ffa584e0000 - 0x00007ffa58625000 	C:\WINDOWS\SYSTEM32\textinputframework.dll
0x00007ffa66510000 - 0x00007ffa66643000 	C:\WINDOWS\SYSTEM32\CoreMessaging.dll
0x00007ffa62c30000 - 0x00007ffa62f9d000 	C:\WINDOWS\SYSTEM32\CoreUIComponents.dll
0x00007ff9ee480000 - 0x00007ff9ee5f8000 	C:\WINDOWS\System32\DriverStore\FileRepository\u0409016.inf_amd64_2b8774c9217183cc\B408421\amdsacli64.dll
0x00007ffa69d70000 - 0x00007ffa69d84000 	C:\WINDOWS\SYSTEM32\WTSAPI32.dll
0x00007ff9f0e10000 - 0x00007ff9f0e47000 	C:\WINDOWS\SYSTEM32\OpenCL.dll
0x00007ff9c6830000 - 0x00007ff9c7b6f000 	C:\WINDOWS\System32\DriverStore\FileRepository\amdocl.inf_amd64_7d6672e256628cbe\amdocl64.dll
0x00007ff9bfd00000 - 0x00007ff9c6821000 	C:\WINDOWS\System32\DriverStore\FileRepository\amdocl.inf_amd64_7d6672e256628cbe\amd_comgr_2.dll
0x00007ffa6ac10000 - 0x00007ffa6ac3c000 	C:\WINDOWS\SYSTEM32\DEVOBJ.dll
0x00007ffa6b3d0000 - 0x00007ffa6b43c000 	C:\WINDOWS\System32\WINTRUST.dll
0x00007ffa6abf0000 - 0x00007ffa6ac02000 	C:\WINDOWS\SYSTEM32\MSASN1.dll
0x00007ff9b8460000 - 0x00007ff9bc812000 	C:\WINDOWS\System32\DriverStore\FileRepository\amdocl.inf_amd64_7d6672e256628cbe\amdhsail64.dll
0x00007ffa6a750000 - 0x00007ffa6a76b000 	C:\WINDOWS\SYSTEM32\CRYPTSP.dll
0x00007ffa69f20000 - 0x00007ffa69f55000 	C:\WINDOWS\system32\rsaenh.dll

dbghelp: loaded successfully - version: 4.0.5 - missing functions: none
symbol engine: initialized successfully - sym options: 0x614 - pdb path: .;C:\Users\carln\.p2\pool\plugins\org.eclipse.justj.openjdk.hotspot.jre.full.win32.x86_64_17.0.2.v20220201-1208\jre\bin;C:\WINDOWS\SYSTEM32;C:\WINDOWS\WinSxS\amd64_microsoft.windows.common-controls_6595b64144ccf1df_6.0.22621.4391_none_2715d37f73803e96;C:\Users\carln\.p2\pool\plugins\org.eclipse.justj.openjdk.hotspot.jre.full.win32.x86_64_17.0.2.v20220201-1208\jre\bin\server;C:\opencv\build\java\x64;C:\WINDOWS\System32\DriverStore\FileRepository\u0409016.inf_amd64_2b8774c9217183cc\B408421;C:\WINDOWS\System32\DriverStore\FileRepository\amdocl.inf_amd64_7d6672e256628cbe

VM Arguments:
jvm_args: -Djava.library.path=C:\opencv\build\java\x64;C:\Users\carln\OneDrive\Documents\School Documents\Cal State\Fall 2024\Software Engineering CS 370\Project Code\CameraSystem\dev_carl\Code\opencv\build\java\x64 -Dfile.encoding=windows-1252 -Dstdout.encoding=windows-1252 -Dstderr.encoding=windows-1252 -XX:+ShowCodeDetailsInExceptionMessages 
java_command: cougarCam.Main
java_class_path (initial): C:\PCAssignments\SECodingProject\dev_carl\Code\CougarCam\bin;C:\opencv\build\java\opencv-4100.jar
Launcher Type: SUN_STANDARD

[Global flags]
     intx CICompilerCount                          = 4                                         {product} {ergonomic}
     uint ConcGCThreads                            = 3                                         {product} {ergonomic}
     uint G1ConcRefinementThreads                  = 10                                        {product} {ergonomic}
   size_t G1HeapRegionSize                         = 4194304                                   {product} {ergonomic}
    uintx GCDrainStackTargetSize                   = 64                                        {product} {ergonomic}
   size_t InitialHeapSize                          = 536870912                                 {product} {ergonomic}
   size_t MarkStackSize                            = 4194304                                   {product} {ergonomic}
   size_t MaxHeapSize                              = 8573157376                                {product} {ergonomic}
   size_t MaxNewSize                               = 5142216704                                {product} {ergonomic}
   size_t MinHeapDeltaBytes                        = 4194304                                   {product} {ergonomic}
   size_t MinHeapSize                              = 8388608                                   {product} {ergonomic}
    uintx NonNMethodCodeHeapSize                   = 5839372                                {pd product} {ergonomic}
    uintx NonProfiledCodeHeapSize                  = 122909434                              {pd product} {ergonomic}
    uintx ProfiledCodeHeapSize                     = 122909434                              {pd product} {ergonomic}
    uintx ReservedCodeCacheSize                    = 251658240                              {pd product} {ergonomic}
     bool SegmentedCodeCache                       = true                                      {product} {ergonomic}
     bool ShowCodeDetailsInExceptionMessages       = true                                   {manageable} {command line}
   size_t SoftMaxHeapSize                          = 8573157376                             {manageable} {ergonomic}
     bool UseCompressedClassPointers               = true                           {product lp64_product} {ergonomic}
     bool UseCompressedOops                        = true                           {product lp64_product} {ergonomic}
     bool UseG1GC                                  = true                                      {product} {ergonomic}
     bool UseLargePagesIndividualAllocation        = false                                  {pd product} {ergonomic}

Logging:
Log output configuration:
 #0: stdout all=off uptime,level,tags
 #1: stderr all=off uptime,level,tags

Environment Variables:
JAVA_HOME=C:\Program Files\Java\jdk-22
PATH=C:/Program Files/Java/jdk-22/bin/server;C:/Program Files/Java/jdk-22/bin;C:\Program Files (x86)\VMware\VMware Workstation\bin\;C:\Windows\system32;C:\Windows;C:\Windows\System32\Wbem;C:\Windows\System32\WindowsPowerShell\v1.0\;C:\Windows\System32\OpenSSH\;C:\Program Files (x86)\NVIDIA Corporation\PhysX\Common;C:\Program Files\dotnet\;C:\Program Files\CMake\bin;C:\WINDOWS\system32;C:\WINDOWS;C:\WINDOWS\System32\Wbem;C:\WINDOWS\System32\WindowsPowerShell\v1.0\;C:\WINDOWS\System32\OpenSSH\;C:\Program Files\nodejs\;C:\ProgramData\chocolatey\bin;C:\Program Files\Git\cmd;C:\Program Files\Java\jdk-22\bin;C:\Program Files (x86)\GnuWin32\bin;C:\Program Files\eProsima\fastrtps 2.14.2\bin;C:\Program Files\eProsima\fastrtps 2.14.2\bin\x64Win64VS2019;C:\Program Files\eProsima\fastdds 3.1.0\bin;C:\Program Files\eProsima\fastdds 3.1.0\bin\x64Win64VS2019;C:\Users\carln\AppData\Local\Programs\Python\Python312\Scripts\;C:\Users\carln\AppData\Local\Programs\Python\Python312\;C:\Users\carln\AppData\Local\Programs\Python\Launcher\;C:\Users\carln\AppData\Local\Microsoft\WindowsApps;C:\Users\carln\AppData\Local\GitHubDesktop\bin;C:\Users\carln\AppData\Local\Programs\Microsoft VS Code\bin;C:\Users\carln\.dotnet\tools;C:\Users\carln\AppData\Local\Microsoft\WinGet\Packages\Schniz.fnm_Microsoft.Winget.Source_8wekyb3d8bbwe;C:\Users\carln\AppData\Roaming\npm;C:\Program Files\JetBrains\IntelliJ IDEA 2024.2.4\bin;;C:\WINDOWS\system32;
USERNAME=carln
OS=Windows_NT
PROCESSOR_IDENTIFIER=AMD64 Family 25 Model 33 Stepping 2, AuthenticAMD



---------------  S Y S T E M  ---------------

OS:
 Windows 11 , 64 bit Build 22621 (10.0.22621.4391)
OS uptime: 2 days 1:33 hours
Hyper-V role detected

CPU: total 12 (initial active 12) (12 cores per cpu, 2 threads per core) family 25 model 33 stepping 2 microcode 0x0, cx8, cmov, fxsr, ht, mmx, 3dnowpref, sse, sse2, sse3, ssse3, sse4a, sse4.1, sse4.2, popcnt, lzcnt, tsc, tscinvbit, avx, avx2, aes, erms, clmul, bmi1, bmi2, adx, sha, fma, vzeroupper, clflush, clflushopt, hv

Memory: 4k page, system-wide physical 32694M (17299M free)
TotalPageFile size 58294M (AvailPageFile size 33716M)
current process WorkingSet (physical memory assigned to process): 414M, peak: 519M
current process commit charge ("private bytes"): 1028M, peak: 1138M

vm_info: OpenJDK 64-Bit Server VM (17.0.2+8) for windows-amd64 JRE (17.0.2+8), built on Jan 20 2022 04:52:34 by "" with MS VC++ 16.7 (VS2019)

END.
